<?xml version="1.0" encoding="UTF-8"?>
<testng-results skipped="0" failed="0" ignored="0" total="1" passed="1">
  <reporter-output>
  </reporter-output>
  <suite name="Default suite" duration-ms="50121" started-at="2019-11-20T07:03:21Z" finished-at="2019-11-20T07:04:11Z">
    <groups>
    </groups>
    <test name="Default test" duration-ms="50121" started-at="2019-11-20T07:03:21Z" finished-at="2019-11-20T07:04:11Z">
      <class name="pageobjectmodel.paefactor">
        <test-method status="PASS" signature="f()[pri:0, instance:pageobjectmodel.paefactor@5e5792a0]" name="f" duration-ms="50038" started-at="2019-11-20T07:03:21Z" finished-at="2019-11-20T07:04:11Z">
          <reporter-output>
          </reporter-output>
        </test-method> <!-- f -->
      </class> <!-- pageobjectmodel.paefactor -->
    </test> <!-- Default test -->
  </suite> <!-- Default suite -->
</testng-results>
